#
# A fatal error has been detected by the Java Runtime Environment:
#
#  EXCEPTION_ACCESS_VIOLATION (0xc0000005) at pc=0x00007ffc7a406280, pid=12020, tid=13788
#
# JRE version: OpenJDK Runtime Environment Temurin-17.0.7+7 (17.0.7+7) (build 17.0.7+7)
# Java VM: OpenJDK 64-Bit Server VM Temurin-17.0.7+7 (17.0.7+7, mixed mode, sharing, tiered, compressed oops, compressed class ptrs, g1 gc, windows-amd64)
# Problematic frame:
# C  [atio6axx.dll+0x196280]
#
# No core dump will be written. Minidumps are not enabled by default on client versions of Windows
#
# If you would like to submit a bug report, please visit:
#   https://github.com/adoptium/adoptium-support/issues
# The crash happened outside the Java Virtual Machine in native code.
# See problematic frame for where to report the bug.
#

---------------  S U M M A R Y ------------

Command Line: -Dforge.enableGameTest=true -Dforge.enabledGameTestNamespaces=tutorialmod -Dforge.logging.console.level=debug -Dforge.logging.markers=REGISTRIES -DignoreList=bootstraplauncher,securejarhandler,asm-commons,asm-util,asm-analysis,asm-tree,asm,JarJarFileSystems,client-extra,fmlcore,javafmllanguage,lowcodelanguage,mclanguage,forge- -Djava.net.preferIPv6Addresses=system -DlegacyClassPath.file=C:\Forge1.20.1_2\build\classpath\runClient_minecraftClasspath.txt -DmergeModules=jna-5.10.0.jar,jna-platform-5.10.0.jar --module-path=C:\Users\ttjtv\.gradle\caches\modules-2\files-2.1\cpw.mods\bootstraplauncher\1.1.2\c546e00443d8432cda6baa1c860346980742628\bootstraplauncher-1.1.2.jar;C:\Users\ttjtv\.gradle\caches\modules-2\files-2.1\cpw.mods\securejarhandler\2.1.10\51e6a22c6c716beb11e244bf5b8be480f51dd6b5\securejarhandler-2.1.10.jar;C:\Users\ttjtv\.gradle\caches\modules-2\files-2.1\org.ow2.asm\asm-commons\9.5\19ab5b5800a3910d30d3a3e64fdb00fd0cb42de0\asm-commons-9.5.jar;C:\Users\ttjtv\.gradle\caches\modules-2\files-2.1\org.ow2.asm\asm-util\9.5\64b5a1fc8c1b15ed2efd6a063e976bc8d3dc5ffe\asm-util-9.5.jar;C:\Users\ttjtv\.gradle\caches\modules-2\files-2.1\org.ow2.asm\asm-analysis\9.5\490bacc77de7cbc0be1a30bb3471072d705be4a4\asm-analysis-9.5.jar;C:\Users\ttjtv\.gradle\caches\modules-2\files-2.1\org.ow2.asm\asm-tree\9.5\fd33c8b6373abaa675be407082fdfda35021254a\asm-tree-9.5.jar;C:\Users\ttjtv\.gradle\caches\modules-2\files-2.1\org.ow2.asm\asm\9.5\dc6ea1875f4d64fbc85e1691c95b96a3d8569c90\asm-9.5.jar;C:\Users\ttjtv\.gradle\caches\modules-2\files-2.1\net.minecraftforge\JarJarFileSystems\0.3.19\2464eb7d6b9ddb9db36a82cf8a95193e5c6fe020\JarJarFileSystems-0.3.19.jar --add-modules=ALL-MODULE-PATH --add-opens=java.base/java.util.jar=cpw.mods.securejarhandler --add-opens=java.base/java.lang.invoke=cpw.mods.securejarhandler --add-exports=java.base/sun.security.util=cpw.mods.securejarhandler --add-exports=jdk.naming.dns/com.sun.jndi.dns=java.naming -XX:HeapDumpPath=MojangTricksIntelDriversForPerformance_javaw.exe_minecraft.exe.heapdump -Dfile.encoding=windows-1252 -Duser.country=US -Duser.language=en -Duser.variant cpw.mods.bootstraplauncher.BootstrapLauncher --launchTarget forgeclientuserdev --version MOD_DEV --assetIndex 5 --assetsDir C:\Users\ttjtv\.gradle\caches\forge_gradle\assets --gameDir . --fml.forgeVersion 47.0.19 --fml.mcVersion 1.20.1 --fml.forgeGroup net.minecraftforge --fml.mcpVersion 20230612.114412

Host: AMD Ryzen 5 4500U with Radeon Graphics         , 6 cores, 15G,  Windows 11 , 64 bit Build 22621 (10.0.22621.3085)
Time: Fri Mar  8 22:31:45 2024 Eastern Standard Time elapsed time: 4.098089 seconds (0d 0h 0m 4s)

---------------  T H R E A D  ---------------

Current thread (0x00000168d31132a0):  JavaThread "main" [_thread_in_native, id=13788, stack(0x000000189b400000,0x000000189b500000)]

Stack: [0x000000189b400000,0x000000189b500000],  sp=0x000000189b4fb798,  free space=1005k
Native frames: (J=compiled Java code, j=interpreted, Vv=VM code, C=native code)
C  [atio6axx.dll+0x196280]

Java frames: (J=compiled Java code, j=interpreted, Vv=VM code)
j  org.lwjgl.system.JNI.invokePPPP(IIJJJJ)J+0 org.lwjgl@3.3.1+7
j  org.lwjgl.glfw.GLFW.nglfwCreateWindow(IIJJJ)J+14 org.lwjgl.glfw@3.3.1+7
j  org.lwjgl.glfw.GLFW.glfwCreateWindow(IILjava/lang/CharSequence;JJ)J+34 org.lwjgl.glfw@3.3.1+7
j  net.minecraftforge.fml.earlydisplay.DisplayWindow.initWindow(Ljava/lang/String;)V+408 fmlearlydisplay@1.20.1-47.0.19
j  net.minecraftforge.fml.earlydisplay.DisplayWindow.start(Ljava/lang/String;Ljava/lang/String;)Ljava/lang/Runnable;+14 fmlearlydisplay@1.20.1-47.0.19
j  net.minecraftforge.fml.earlydisplay.DisplayWindow.initialize([Ljava/lang/String;)Ljava/lang/Runnable;+410 fmlearlydisplay@1.20.1-47.0.19
j  net.minecraftforge.fml.loading.ImmediateWindowHandler.load(Ljava/lang/String;[Ljava/lang/String;)V+180 fmlloader@1.20.1-47.0.19
j  net.minecraftforge.fml.loading.ModDirTransformerDiscoverer.earlyInitialization(Ljava/lang/String;[Ljava/lang/String;)V+2 fmlloader@1.20.1-47.0.19
j  cpw.mods.modlauncher.TransformationServicesHandler.lambda$discoverServices$18(Lcpw/mods/modlauncher/ArgumentHandler$DiscoveryData;Lcpw/mods/modlauncher/serviceapi/ITransformerDiscoveryService;)V+9 cpw.mods.modlauncher@10.0.9
j  cpw.mods.modlauncher.TransformationServicesHandler$$Lambda$416+0x0000000801217408.accept(Ljava/lang/Object;)V+8 cpw.mods.modlauncher@10.0.9
J 2363 c1 java.lang.Iterable.forEach(Ljava/util/function/Consumer;)V java.base@17.0.7 (39 bytes) @ 0x00000168daf8479c [0x00000168daf844a0+0x00000000000002fc]
j  cpw.mods.modlauncher.TransformationServicesHandler.discoverServices(Lcpw/mods/modlauncher/ArgumentHandler$DiscoveryData;)V+145 cpw.mods.modlauncher@10.0.9
j  cpw.mods.modlauncher.Launcher.run([Ljava/lang/String;)V+14 cpw.mods.modlauncher@10.0.9
j  cpw.mods.modlauncher.Launcher.main([Ljava/lang/String;)V+78 cpw.mods.modlauncher@10.0.9
j  cpw.mods.modlauncher.BootstrapLaunchConsumer.accept([Ljava/lang/String;)V+1 cpw.mods.modlauncher@10.0.9
j  cpw.mods.modlauncher.BootstrapLaunchConsumer.accept(Ljava/lang/Object;)V+5 cpw.mods.modlauncher@10.0.9
j  cpw.mods.bootstraplauncher.BootstrapLauncher.main([Ljava/lang/String;)V+515 cpw.mods.bootstraplauncher@1.1.2
v  ~StubRoutines::call_stub

siginfo: EXCEPTION_ACCESS_VIOLATION (0xc0000005), reading address 0xffffffffffffffff


Register to memory mapping:

RIP=0x00007ffc7a406280 atio6axx.dll
RAX=0x0 is NULL
RBX=0x00007ffc7dc95a80 atio6axx.dll
RCX=0x6c75646f6d5c7365 is an unknown value
RDX=0x00000000000000d0 is an unknown value
RSP=0x000000189b4fb798 is pointing into the stack for thread: 0x00000168d31132a0
RBP=0x000000189b4fb900 is pointing into the stack for thread: 0x00000168d31132a0
RSI=0x000000189b4fb858 is pointing into the stack for thread: 0x00000168d31132a0
RDI=0x000000189b4fbbf0 is pointing into the stack for thread: 0x00000168d31132a0
R8 =0x00000000000001a5 is an unknown value
R9 =0x6c75646f6d5c7365 is an unknown value
R10=0x0 is NULL
R11=0x0000000000000200 is an unknown value
R12=0x00007ffc7dc95a80 atio6axx.dll
R13=0x00007ffc7dc95ad8 atio6axx.dll
R14=0x00007ffc7dba4f88 atio6axx.dll
R15=0x0 is NULL


Registers:
RAX=0x0000000000000000, RBX=0x00007ffc7dc95a80, RCX=0x6c75646f6d5c7365, RDX=0x00000000000000d0
RSP=0x000000189b4fb798, RBP=0x000000189b4fb900, RSI=0x000000189b4fb858, RDI=0x000000189b4fbbf0
R8 =0x00000000000001a5, R9 =0x6c75646f6d5c7365, R10=0x0000000000000000, R11=0x0000000000000200
R12=0x00007ffc7dc95a80, R13=0x00007ffc7dc95ad8, R14=0x00007ffc7dba4f88, R15=0x0000000000000000
RIP=0x00007ffc7a406280, EFLAGS=0x0000000000010206

Top of Stack: (sp=0x000000189b4fb798)
0x000000189b4fb798:   00007ffc7a40659c 00007ffc7dc986f0
0x000000189b4fb7a8:   00000168fc3a8018 0000000000000000
0x000000189b4fb7b8:   00007ffc7a4075ad 000000189b4fbbf0
0x000000189b4fb7c8:   00007ffc7a3c1af4 00007ffc7dc95a80
0x000000189b4fb7d8:   000000189b4fb858 0000652e6176616a
0x000000189b4fb7e8:   000047ce64c78b77 000000189b4fbbf0
0x000000189b4fb7f8:   00007ffc7a3c2ab5 00007ffc7dc95a88
0x000000189b4fb808:   000000189b4fb858 000000189b4fb858
0x000000189b4fb818:   0000000000000000 0000000000000000
0x000000189b4fb828:   00007ffc00000009 00000168fa8ff6bc
0x000000189b4fb838:   00000168fa8ff818 00007ffc7dc95a88
0x000000189b4fb848:   000000189b4fbbf0 000000189b4fb9bb
0x000000189b4fb858:   00007f006176616a 800000006176616a
0x000000189b4fb868:   00007ffcc4279979 46676e697274535c
0x000000189b4fb878:   5c6f666e49656c69 3062343039303430
0x000000189b4fb888:   726556656c69465c 000000006e6f6973 

Instructions: (pc=0x00007ffc7a406280)
0x00007ffc7a406180:   74 09 33 c9 ff 15 c6 72 6b 03 90 48 8b c3 48 83
0x00007ffc7a406190:   c4 20 5b c3 cc cc cc cc cc cc cc cc cc cc cc cc
0x00007ffc7a4061a0:   48 83 ec 28 48 8b 51 08 48 85 d2 74 09 33 c9 ff
0x00007ffc7a4061b0:   15 9b 72 6b 03 90 48 83 c4 28 c3 cc cc cc cc cc
0x00007ffc7a4061c0:   48 89 11 c3 cc cc cc cc cc cc cc cc cc cc cc cc
0x00007ffc7a4061d0:   48 8b c1 c3 cc cc cc cc cc cc cc cc cc cc cc cc
0x00007ffc7a4061e0:   48 3b ca 74 10 41 8b 00 39 01 74 09 48 83 c1 04
0x00007ffc7a4061f0:   48 3b ca 75 f3 48 8b c1 c3 cc cc cc cc cc cc cc
0x00007ffc7a406200:   48 8b c1 c3 cc cc cc cc cc cc cc cc cc cc cc cc
0x00007ffc7a406210:   48 83 39 00 0f 94 c0 c3 cc cc cc cc cc cc cc cc
0x00007ffc7a406220:   4c 8d 04 d5 00 00 00 00 33 d2 e9 d1 6e e0 01 cc
0x00007ffc7a406230:   4c 8b 41 08 48 8b 02 49 89 00 48 83 41 08 08 c3
0x00007ffc7a406240:   48 8b c1 c3 cc cc cc cc cc cc cc cc cc cc cc cc
0x00007ffc7a406250:   48 8b c1 c3 cc cc cc cc cc cc cc cc cc cc cc cc
0x00007ffc7a406260:   49 8b 00 48 89 02 c3 cc cc cc cc cc cc cc cc cc
0x00007ffc7a406270:   8b 81 48 39 00 00 c3 cc cc cc cc cc cc cc cc cc
0x00007ffc7a406280:   8b 81 48 39 00 00 83 c0 f0 83 f8 68 0f 87 5a 01
0x00007ffc7a406290:   00 00 48 8d 15 67 9d e6 ff 0f b6 84 02 10 64 19
0x00007ffc7a4062a0:   00 8b 8c 82 f0 63 19 00 48 03 ca ff e1 48 8b 0d
0x00007ffc7a4062b0:   ec 5d 83 03 83 b9 04 37 00 00 02 0f 87 2b 01 00
0x00007ffc7a4062c0:   00 48 8d 91 30 2b 00 00 c7 02 e1 00 00 00 e9 ce
0x00007ffc7a4062d0:   00 00 00 48 8b 0d c6 5d 83 03 83 b9 04 37 00 00
0x00007ffc7a4062e0:   02 0f 87 05 01 00 00 48 8d 91 30 2b 00 00 c7 02
0x00007ffc7a4062f0:   f0 00 00 00 e9 a8 00 00 00 48 8b 0d a0 5d 83 03
0x00007ffc7a406300:   83 b9 04 37 00 00 02 0f 87 df 00 00 00 48 8d 91
0x00007ffc7a406310:   30 2b 00 00 c7 02 00 04 00 00 e9 82 00 00 00 48
0x00007ffc7a406320:   8b 0d 7a 5d 83 03 83 b9 04 37 00 00 02 0f 87 b9
0x00007ffc7a406330:   00 00 00 48 8d 91 30 2b 00 00 c7 02 00 08 00 00
0x00007ffc7a406340:   eb 5f 48 8b 0d 57 5d 83 03 83 b9 04 37 00 00 02
0x00007ffc7a406350:   0f 87 96 00 00 00 48 8d 91 30 2b 00 00 c7 02 00
0x00007ffc7a406360:   09 00 00 eb 3c 48 8b 0d 34 5d 83 03 83 b9 04 37
0x00007ffc7a406370:   00 00 02 77 77 48 8d 91 30 2b 00 00 c7 02 3c 0f 


Stack slot to memory mapping:
stack at sp + 0 slots: 0x00007ffc7a40659c atio6axx.dll
stack at sp + 1 slots: 0x00007ffc7dc986f0 atio6axx.dll
stack at sp + 2 slots: 0x00000168fc3a8018 points into unknown readable memory: 0x00007ffc7d49d2f0 | f0 d2 49 7d fc 7f 00 00
stack at sp + 3 slots: 0x0 is NULL
stack at sp + 4 slots: 0x00007ffc7a4075ad atio6axx.dll
stack at sp + 5 slots: 0x000000189b4fbbf0 is pointing into the stack for thread: 0x00000168d31132a0
stack at sp + 6 slots: 0x00007ffc7a3c1af4 atio6axx.dll
stack at sp + 7 slots: 0x00007ffc7dc95a80 atio6axx.dll


---------------  P R O C E S S  ---------------

Threads class SMR info:
_java_thread_list=0x00000168fd0f0df0, length=14, elements={
0x00000168d31132a0, 0x00000168f57524a0, 0x00000168f5753570, 0x00000168f5769a90,
0x00000168f576a350, 0x00000168f576c110, 0x00000168f576cac0, 0x00000168f576d7a0,
0x00000168f576e5a0, 0x00000168f577fcf0, 0x00000168f5863130, 0x00000168f58884c0,
0x00000168f59a9c40, 0x00000168fcfb4820
}

Java Threads: ( => current thread )
=>0x00000168d31132a0 JavaThread "main" [_thread_in_native, id=13788, stack(0x000000189b400000,0x000000189b500000)]
  0x00000168f57524a0 JavaThread "Reference Handler" daemon [_thread_blocked, id=20536, stack(0x000000189bb00000,0x000000189bc00000)]
  0x00000168f5753570 JavaThread "Finalizer" daemon [_thread_blocked, id=9248, stack(0x000000189bc00000,0x000000189bd00000)]
  0x00000168f5769a90 JavaThread "Signal Dispatcher" daemon [_thread_blocked, id=1432, stack(0x000000189bd00000,0x000000189be00000)]
  0x00000168f576a350 JavaThread "Attach Listener" daemon [_thread_blocked, id=21292, stack(0x000000189be00000,0x000000189bf00000)]
  0x00000168f576c110 JavaThread "Service Thread" daemon [_thread_blocked, id=12120, stack(0x000000189bf00000,0x000000189c000000)]
  0x00000168f576cac0 JavaThread "Monitor Deflation Thread" daemon [_thread_blocked, id=19804, stack(0x000000189c000000,0x000000189c100000)]
  0x00000168f576d7a0 JavaThread "C2 CompilerThread0" daemon [_thread_blocked, id=21436, stack(0x000000189c100000,0x000000189c200000)]
  0x00000168f576e5a0 JavaThread "C1 CompilerThread0" daemon [_thread_blocked, id=12652, stack(0x000000189c200000,0x000000189c300000)]
  0x00000168f577fcf0 JavaThread "Sweeper thread" daemon [_thread_blocked, id=15164, stack(0x000000189c300000,0x000000189c400000)]
  0x00000168f5863130 JavaThread "Common-Cleaner" daemon [_thread_blocked, id=6740, stack(0x000000189c400000,0x000000189c500000)]
  0x00000168f58884c0 JavaThread "C2 CompilerThread1" daemon [_thread_blocked, id=2360, stack(0x000000189c500000,0x000000189c600000)]
  0x00000168f59a9c40 JavaThread "Notification Thread" daemon [_thread_blocked, id=1728, stack(0x000000189c600000,0x000000189c700000)]
  0x00000168fcfb4820 JavaThread "pool-2-thread-1" daemon [_thread_blocked, id=6040, stack(0x000000189d000000,0x000000189d100000)]

Other Threads:
  0x00000168f574aa40 VMThread "VM Thread" [stack: 0x000000189ba00000,0x000000189bb00000] [id=19960]
  0x00000168d31a7830 WatcherThread [stack: 0x000000189c700000,0x000000189c800000] [id=6896]
  0x00000168d317b2e0 GCTaskThread "GC Thread#0" [stack: 0x000000189b500000,0x000000189b600000] [id=16376]
  0x00000168fa476ba0 GCTaskThread "GC Thread#1" [stack: 0x000000189c800000,0x000000189c900000] [id=14176]
  0x00000168fa476e50 GCTaskThread "GC Thread#2" [stack: 0x000000189c900000,0x000000189ca00000] [id=14064]
  0x00000168fa477100 GCTaskThread "GC Thread#3" [stack: 0x000000189ca00000,0x000000189cb00000] [id=17996]
  0x00000168fa49c340 GCTaskThread "GC Thread#4" [stack: 0x000000189cb00000,0x000000189cc00000] [id=17404]
  0x00000168fba8e5a0 GCTaskThread "GC Thread#5" [stack: 0x000000189cc00000,0x000000189cd00000] [id=16576]
  0x00000168d318c6d0 ConcurrentGCThread "G1 Main Marker" [stack: 0x000000189b600000,0x000000189b700000] [id=17824]
  0x00000168d318cf80 ConcurrentGCThread "G1 Conc#0" [stack: 0x000000189b700000,0x000000189b800000] [id=13944]
  0x00000168f5604640 ConcurrentGCThread "G1 Refine#0" [stack: 0x000000189b800000,0x000000189b900000] [id=8608]
  0x00000168f5606d20 ConcurrentGCThread "G1 Service" [stack: 0x000000189b900000,0x000000189ba00000] [id=6180]

Threads with active compile tasks:

VM state: not at safepoint (normal execution)

VM Mutex/Monitor currently owned by a thread: None

Heap address: 0x000000070a000000, size: 3936 MB, Compressed Oops mode: Zero based, Oop shift amount: 3

CDS archive(s) mapped at: [0x0000000800000000-0x0000000800bc0000-0x0000000800bc0000), size 12320768, SharedBaseAddress: 0x0000000800000000, ArchiveRelocationMode: 0.
Compressed class space mapped at: 0x0000000801000000-0x0000000841000000, reserved size: 1073741824
Narrow klass base: 0x0000000800000000, Narrow klass shift: 0, Narrow klass range: 0x100000000

GC Precious Log:
 CPUs: 6 total, 6 available
 Memory: 15742M
 Large Page Support: Disabled
 NUMA Support: Disabled
 Compressed Oops: Enabled (Zero based)
 Heap Region Size: 2M
 Heap Min Capacity: 8M
 Heap Initial Capacity: 246M
 Heap Max Capacity: 3936M
 Pre-touch: Disabled
 Parallel Workers: 6
 Concurrent Workers: 2
 Concurrent Refinement Workers: 6
 Periodic GC: Disabled

Heap:
 garbage-first heap   total 303104K, used 58265K [0x000000070a000000, 0x0000000800000000)
  region size 2048K, 20 young (40960K), 8 survivors (16384K)
 Metaspace       used 16706K, committed 16960K, reserved 1114112K
  class space    used 1901K, committed 2048K, reserved 1048576K

Heap Regions: E=young(eden), S=young(survivor), O=old, HS=humongous(starts), HC=humongous(continues), CS=collection set, F=free, OA=open archive, CA=closed archive, TAMS=top-at-mark-start (previous, next)
|   0|0x000000070a000000, 0x000000070a200000, 0x000000070a200000|100%|HS|  |TAMS 0x000000070a000000, 0x000000070a000000| Complete 
|   1|0x000000070a200000, 0x000000070a400000, 0x000000070a400000|100%| O|  |TAMS 0x000000070a200000, 0x000000070a200000| Untracked 
|   2|0x000000070a400000, 0x000000070a600000, 0x000000070a600000|100%| O|  |TAMS 0x000000070a400000, 0x000000070a400000| Untracked 
|   3|0x000000070a600000, 0x000000070a800000, 0x000000070a800000|100%|HS|  |TAMS 0x000000070a600000, 0x000000070a600000| Complete 
|   4|0x000000070a800000, 0x000000070aa00000, 0x000000070aa00000|100%| O|  |TAMS 0x000000070a800000, 0x000000070a800000| Untracked 
|   5|0x000000070aa00000, 0x000000070ac00000, 0x000000070ac00000|100%| O|  |TAMS 0x000000070aa00000, 0x000000070aa00000| Untracked 
|   6|0x000000070ac00000, 0x000000070ae00000, 0x000000070ae00000|100%|HS|  |TAMS 0x000000070ac00000, 0x000000070ac00000| Complete 
|   7|0x000000070ae00000, 0x000000070b000000, 0x000000070b000000|100%|HS|  |TAMS 0x000000070ae00000, 0x000000070ae00000| Complete 
|   8|0x000000070b000000, 0x000000070b200000, 0x000000070b200000|100%| O|  |TAMS 0x000000070b000000, 0x000000070b000000| Untracked 
|   9|0x000000070b200000, 0x000000070b400000, 0x000000070b400000|100%| O|  |TAMS 0x000000070b200000, 0x000000070b200000| Untracked 
|  10|0x000000070b400000, 0x000000070b521e00, 0x000000070b600000| 56%| O|  |TAMS 0x000000070b400000, 0x000000070b400000| Untracked 
|  11|0x000000070b600000, 0x000000070b600000, 0x000000070b800000|  0%| F|  |TAMS 0x000000070b600000, 0x000000070b600000| Untracked 
|  12|0x000000070b800000, 0x000000070b800000, 0x000000070ba00000|  0%| F|  |TAMS 0x000000070b800000, 0x000000070b800000| Untracked 
|  13|0x000000070ba00000, 0x000000070ba00000, 0x000000070bc00000|  0%| F|  |TAMS 0x000000070ba00000, 0x000000070ba00000| Untracked 
|  14|0x000000070bc00000, 0x000000070bc00000, 0x000000070be00000|  0%| F|  |TAMS 0x000000070bc00000, 0x000000070bc00000| Untracked 
|  15|0x000000070be00000, 0x000000070be00000, 0x000000070c000000|  0%| F|  |TAMS 0x000000070be00000, 0x000000070be00000| Untracked 
|  16|0x000000070c000000, 0x000000070c000000, 0x000000070c200000|  0%| F|  |TAMS 0x000000070c000000, 0x000000070c000000| Untracked 
|  17|0x000000070c200000, 0x000000070c200000, 0x000000070c400000|  0%| F|  |TAMS 0x000000070c200000, 0x000000070c200000| Untracked 
|  18|0x000000070c400000, 0x000000070c400000, 0x000000070c600000|  0%| F|  |TAMS 0x000000070c400000, 0x000000070c400000| Untracked 
|  19|0x000000070c600000, 0x000000070c600000, 0x000000070c800000|  0%| F|  |TAMS 0x000000070c600000, 0x000000070c600000| Untracked 
|  20|0x000000070c800000, 0x000000070c800000, 0x000000070ca00000|  0%| F|  |TAMS 0x000000070c800000, 0x000000070c800000| Untracked 
|  21|0x000000070ca00000, 0x000000070ca00000, 0x000000070cc00000|  0%| F|  |TAMS 0x000000070ca00000, 0x000000070ca00000| Untracked 
|  22|0x000000070cc00000, 0x000000070cc00000, 0x000000070ce00000|  0%| F|  |TAMS 0x000000070cc00000, 0x000000070cc00000| Untracked 
|  23|0x000000070ce00000, 0x000000070ce00000, 0x000000070d000000|  0%| F|  |TAMS 0x000000070ce00000, 0x000000070ce00000| Untracked 
|  24|0x000000070d000000, 0x000000070d000000, 0x000000070d200000|  0%| F|  |TAMS 0x000000070d000000, 0x000000070d000000| Untracked 
|  25|0x000000070d200000, 0x000000070d200000, 0x000000070d400000|  0%| F|  |TAMS 0x000000070d200000, 0x000000070d200000| Untracked 
|  26|0x000000070d400000, 0x000000070d400000, 0x000000070d600000|  0%| F|  |TAMS 0x000000070d400000, 0x000000070d400000| Untracked 
|  27|0x000000070d600000, 0x000000070d600000, 0x000000070d800000|  0%| F|  |TAMS 0x000000070d600000, 0x000000070d600000| Untracked 
|  28|0x000000070d800000, 0x000000070d800000, 0x000000070da00000|  0%| F|  |TAMS 0x000000070d800000, 0x000000070d800000| Untracked 
|  29|0x000000070da00000, 0x000000070da00000, 0x000000070dc00000|  0%| F|  |TAMS 0x000000070da00000, 0x000000070da00000| Untracked 
|  30|0x000000070dc00000, 0x000000070dc00000, 0x000000070de00000|  0%| F|  |TAMS 0x000000070dc00000, 0x000000070dc00000| Untracked 
|  31|0x000000070de00000, 0x000000070de00000, 0x000000070e000000|  0%| F|  |TAMS 0x000000070de00000, 0x000000070de00000| Untracked 
|  32|0x000000070e000000, 0x000000070e000000, 0x000000070e200000|  0%| F|  |TAMS 0x000000070e000000, 0x000000070e000000| Untracked 
|  33|0x000000070e200000, 0x000000070e200000, 0x000000070e400000|  0%| F|  |TAMS 0x000000070e200000, 0x000000070e200000| Untracked 
|  34|0x000000070e400000, 0x000000070e400000, 0x000000070e600000|  0%| F|  |TAMS 0x000000070e400000, 0x000000070e400000| Untracked 
|  35|0x000000070e600000, 0x000000070e600000, 0x000000070e800000|  0%| F|  |TAMS 0x000000070e600000, 0x000000070e600000| Untracked 
|  36|0x000000070e800000, 0x000000070e800000, 0x000000070ea00000|  0%| F|  |TAMS 0x000000070e800000, 0x000000070e800000| Untracked 
|  37|0x000000070ea00000, 0x000000070ea00000, 0x000000070ec00000|  0%| F|  |TAMS 0x000000070ea00000, 0x000000070ea00000| Untracked 
|  38|0x000000070ec00000, 0x000000070ec00000, 0x000000070ee00000|  0%| F|  |TAMS 0x000000070ec00000, 0x000000070ec00000| Untracked 
|  39|0x000000070ee00000, 0x000000070ee00000, 0x000000070f000000|  0%| F|  |TAMS 0x000000070ee00000, 0x000000070ee00000| Untracked 
|  40|0x000000070f000000, 0x000000070f000000, 0x000000070f200000|  0%| F|  |TAMS 0x000000070f000000, 0x000000070f000000| Untracked 
|  41|0x000000070f200000, 0x000000070f200000, 0x000000070f400000|  0%| F|  |TAMS 0x000000070f200000, 0x000000070f200000| Untracked 
|  42|0x000000070f400000, 0x000000070f400000, 0x000000070f600000|  0%| F|  |TAMS 0x000000070f400000, 0x000000070f400000| Untracked 
|  43|0x000000070f600000, 0x000000070f600000, 0x000000070f800000|  0%| F|  |TAMS 0x000000070f600000, 0x000000070f600000| Untracked 
|  44|0x000000070f800000, 0x000000070f800000, 0x000000070fa00000|  0%| F|  |TAMS 0x000000070f800000, 0x000000070f800000| Untracked 
|  45|0x000000070fa00000, 0x000000070fa00000, 0x000000070fc00000|  0%| F|  |TAMS 0x000000070fa00000, 0x000000070fa00000| Untracked 
|  46|0x000000070fc00000, 0x000000070fc00000, 0x000000070fe00000|  0%| F|  |TAMS 0x000000070fc00000, 0x000000070fc00000| Untracked 
|  47|0x000000070fe00000, 0x000000070fe00000, 0x0000000710000000|  0%| F|  |TAMS 0x000000070fe00000, 0x000000070fe00000| Untracked 
|  48|0x0000000710000000, 0x0000000710000000, 0x0000000710200000|  0%| F|  |TAMS 0x0000000710000000, 0x0000000710000000| Untracked 
|  49|0x0000000710200000, 0x0000000710200000, 0x0000000710400000|  0%| F|  |TAMS 0x0000000710200000, 0x0000000710200000| Untracked 
|  50|0x0000000710400000, 0x00000007105c49a0, 0x0000000710600000| 88%| S|CS|TAMS 0x0000000710400000, 0x0000000710400000| Complete 
|  51|0x0000000710600000, 0x0000000710800000, 0x0000000710800000|100%| S|CS|TAMS 0x0000000710600000, 0x0000000710600000| Complete 
|  52|0x0000000710800000, 0x0000000710a00000, 0x0000000710a00000|100%| S|CS|TAMS 0x0000000710800000, 0x0000000710800000| Complete 
|  53|0x0000000710a00000, 0x0000000710c00000, 0x0000000710c00000|100%| S|CS|TAMS 0x0000000710a00000, 0x0000000710a00000| Complete 
|  54|0x0000000710c00000, 0x0000000710e00000, 0x0000000710e00000|100%| S|CS|TAMS 0x0000000710c00000, 0x0000000710c00000| Complete 
|  55|0x0000000710e00000, 0x0000000711000000, 0x0000000711000000|100%| S|CS|TAMS 0x0000000710e00000, 0x0000000710e00000| Complete 
|  56|0x0000000711000000, 0x0000000711200000, 0x0000000711200000|100%| S|CS|TAMS 0x0000000711000000, 0x0000000711000000| Complete 
|  57|0x0000000711200000, 0x0000000711400000, 0x0000000711400000|100%| S|CS|TAMS 0x0000000711200000, 0x0000000711200000| Complete 
|  58|0x0000000711400000, 0x0000000711400000, 0x0000000711600000|  0%| F|  |TAMS 0x0000000711400000, 0x0000000711400000| Untracked 
|  59|0x0000000711600000, 0x0000000711600000, 0x0000000711800000|  0%| F|  |TAMS 0x0000000711600000, 0x0000000711600000| Untracked 
|  60|0x0000000711800000, 0x0000000711800000, 0x0000000711a00000|  0%| F|  |TAMS 0x0000000711800000, 0x0000000711800000| Untracked 
|  61|0x0000000711a00000, 0x0000000711a00000, 0x0000000711c00000|  0%| F|  |TAMS 0x0000000711a00000, 0x0000000711a00000| Untracked 
|  62|0x0000000711c00000, 0x0000000711c00000, 0x0000000711e00000|  0%| F|  |TAMS 0x0000000711c00000, 0x0000000711c00000| Untracked 
|  63|0x0000000711e00000, 0x0000000711e00000, 0x0000000712000000|  0%| F|  |TAMS 0x0000000711e00000, 0x0000000711e00000| Untracked 
|  64|0x0000000712000000, 0x0000000712000000, 0x0000000712200000|  0%| F|  |TAMS 0x0000000712000000, 0x0000000712000000| Untracked 
|  65|0x0000000712200000, 0x0000000712200000, 0x0000000712400000|  0%| F|  |TAMS 0x0000000712200000, 0x0000000712200000| Untracked 
|  66|0x0000000712400000, 0x0000000712400000, 0x0000000712600000|  0%| F|  |TAMS 0x0000000712400000, 0x0000000712400000| Untracked 
|  67|0x0000000712600000, 0x0000000712600000, 0x0000000712800000|  0%| F|  |TAMS 0x0000000712600000, 0x0000000712600000| Untracked 
|  68|0x0000000712800000, 0x0000000712800000, 0x0000000712a00000|  0%| F|  |TAMS 0x0000000712800000, 0x0000000712800000| Untracked 
|  69|0x0000000712a00000, 0x0000000712a00000, 0x0000000712c00000|  0%| F|  |TAMS 0x0000000712a00000, 0x0000000712a00000| Untracked 
|  70|0x0000000712c00000, 0x0000000712c00000, 0x0000000712e00000|  0%| F|  |TAMS 0x0000000712c00000, 0x0000000712c00000| Untracked 
|  71|0x0000000712e00000, 0x0000000712e00000, 0x0000000713000000|  0%| F|  |TAMS 0x0000000712e00000, 0x0000000712e00000| Untracked 
|  72|0x0000000713000000, 0x0000000713000000, 0x0000000713200000|  0%| F|  |TAMS 0x0000000713000000, 0x0000000713000000| Untracked 
|  73|0x0000000713200000, 0x0000000713200000, 0x0000000713400000|  0%| F|  |TAMS 0x0000000713200000, 0x0000000713200000| Untracked 
|  74|0x0000000713400000, 0x0000000713400000, 0x0000000713600000|  0%| F|  |TAMS 0x0000000713400000, 0x0000000713400000| Untracked 
|  75|0x0000000713600000, 0x0000000713600000, 0x0000000713800000|  0%| F|  |TAMS 0x0000000713600000, 0x0000000713600000| Untracked 
|  76|0x0000000713800000, 0x0000000713800000, 0x0000000713a00000|  0%| F|  |TAMS 0x0000000713800000, 0x0000000713800000| Untracked 
|  77|0x0000000713a00000, 0x0000000713a00000, 0x0000000713c00000|  0%| F|  |TAMS 0x0000000713a00000, 0x0000000713a00000| Untracked 
|  78|0x0000000713c00000, 0x0000000713c00000, 0x0000000713e00000|  0%| F|  |TAMS 0x0000000713c00000, 0x0000000713c00000| Untracked 
|  79|0x0000000713e00000, 0x0000000713e00000, 0x0000000714000000|  0%| F|  |TAMS 0x0000000713e00000, 0x0000000713e00000| Untracked 
|  80|0x0000000714000000, 0x0000000714000000, 0x0000000714200000|  0%| F|  |TAMS 0x0000000714000000, 0x0000000714000000| Untracked 
|  81|0x0000000714200000, 0x0000000714200000, 0x0000000714400000|  0%| F|  |TAMS 0x0000000714200000, 0x0000000714200000| Untracked 
|  82|0x0000000714400000, 0x0000000714400000, 0x0000000714600000|  0%| F|  |TAMS 0x0000000714400000, 0x0000000714400000| Untracked 
|  83|0x0000000714600000, 0x0000000714600000, 0x0000000714800000|  0%| F|  |TAMS 0x0000000714600000, 0x0000000714600000| Untracked 
|  84|0x0000000714800000, 0x0000000714800000, 0x0000000714a00000|  0%| F|  |TAMS 0x0000000714800000, 0x0000000714800000| Untracked 
|  85|0x0000000714a00000, 0x0000000714a00000, 0x0000000714c00000|  0%| F|  |TAMS 0x0000000714a00000, 0x0000000714a00000| Untracked 
|  86|0x0000000714c00000, 0x0000000714c00000, 0x0000000714e00000|  0%| F|  |TAMS 0x0000000714c00000, 0x0000000714c00000| Untracked 
|  87|0x0000000714e00000, 0x0000000714e00000, 0x0000000715000000|  0%| F|  |TAMS 0x0000000714e00000, 0x0000000714e00000| Untracked 
|  88|0x0000000715000000, 0x0000000715000000, 0x0000000715200000|  0%| F|  |TAMS 0x0000000715000000, 0x0000000715000000| Untracked 
|  89|0x0000000715200000, 0x0000000715200000, 0x0000000715400000|  0%| F|  |TAMS 0x0000000715200000, 0x0000000715200000| Untracked 
|  90|0x0000000715400000, 0x0000000715400000, 0x0000000715600000|  0%| F|  |TAMS 0x0000000715400000, 0x0000000715400000| Untracked 
|  91|0x0000000715600000, 0x0000000715600000, 0x0000000715800000|  0%| F|  |TAMS 0x0000000715600000, 0x0000000715600000| Untracked 
|  92|0x0000000715800000, 0x0000000715800000, 0x0000000715a00000|  0%| F|  |TAMS 0x0000000715800000, 0x0000000715800000| Untracked 
|  93|0x0000000715a00000, 0x0000000715a00000, 0x0000000715c00000|  0%| F|  |TAMS 0x0000000715a00000, 0x0000000715a00000| Untracked 
|  94|0x0000000715c00000, 0x0000000715c00000, 0x0000000715e00000|  0%| F|  |TAMS 0x0000000715c00000, 0x0000000715c00000| Untracked 
|  95|0x0000000715e00000, 0x0000000715e00000, 0x0000000716000000|  0%| F|  |TAMS 0x0000000715e00000, 0x0000000715e00000| Untracked 
|  96|0x0000000716000000, 0x0000000716000000, 0x0000000716200000|  0%| F|  |TAMS 0x0000000716000000, 0x0000000716000000| Untracked 
|  97|0x0000000716200000, 0x0000000716200000, 0x0000000716400000|  0%| F|  |TAMS 0x0000000716200000, 0x0000000716200000| Untracked 
|  98|0x0000000716400000, 0x0000000716400000, 0x0000000716600000|  0%| F|  |TAMS 0x0000000716400000, 0x0000000716400000| Untracked 
|  99|0x0000000716600000, 0x0000000716600000, 0x0000000716800000|  0%| F|  |TAMS 0x0000000716600000, 0x0000000716600000| Untracked 
| 100|0x0000000716800000, 0x0000000716800000, 0x0000000716a00000|  0%| F|  |TAMS 0x0000000716800000, 0x0000000716800000| Untracked 
| 101|0x0000000716a00000, 0x0000000716a00000, 0x0000000716c00000|  0%| F|  |TAMS 0x0000000716a00000, 0x0000000716a00000| Untracked 
| 102|0x0000000716c00000, 0x0000000716c00000, 0x0000000716e00000|  0%| F|  |TAMS 0x0000000716c00000, 0x0000000716c00000| Untracked 
| 103|0x0000000716e00000, 0x0000000716e00000, 0x0000000717000000|  0%| F|  |TAMS 0x0000000716e00000, 0x0000000716e00000| Untracked 
| 104|0x0000000717000000, 0x0000000717000000, 0x0000000717200000|  0%| F|  |TAMS 0x0000000717000000, 0x0000000717000000| Untracked 
| 105|0x0000000717200000, 0x0000000717200000, 0x0000000717400000|  0%| F|  |TAMS 0x0000000717200000, 0x0000000717200000| Untracked 
| 106|0x0000000717400000, 0x0000000717400000, 0x0000000717600000|  0%| F|  |TAMS 0x0000000717400000, 0x0000000717400000| Untracked 
| 107|0x0000000717600000, 0x0000000717600000, 0x0000000717800000|  0%| F|  |TAMS 0x0000000717600000, 0x0000000717600000| Untracked 
| 108|0x0000000717800000, 0x0000000717800000, 0x0000000717a00000|  0%| F|  |TAMS 0x0000000717800000, 0x0000000717800000| Untracked 
| 109|0x0000000717a00000, 0x0000000717a00000, 0x0000000717c00000|  0%| F|  |TAMS 0x0000000717a00000, 0x0000000717a00000| Untracked 
| 110|0x0000000717c00000, 0x0000000717c00000, 0x0000000717e00000|  0%| F|  |TAMS 0x0000000717c00000, 0x0000000717c00000| Untracked 
| 111|0x0000000717e00000, 0x0000000717e00000, 0x0000000718000000|  0%| F|  |TAMS 0x0000000717e00000, 0x0000000717e00000| Untracked 
| 112|0x0000000718000000, 0x0000000718000000, 0x0000000718200000|  0%| F|  |TAMS 0x0000000718000000, 0x0000000718000000| Untracked 
| 113|0x0000000718200000, 0x0000000718200000, 0x0000000718400000|  0%| F|  |TAMS 0x0000000718200000, 0x0000000718200000| Untracked 
| 114|0x0000000718400000, 0x0000000718400000, 0x0000000718600000|  0%| F|  |TAMS 0x0000000718400000, 0x0000000718400000| Untracked 
| 115|0x0000000718600000, 0x0000000718600000, 0x0000000718800000|  0%| F|  |TAMS 0x0000000718600000, 0x0000000718600000| Untracked 
| 116|0x0000000718800000, 0x0000000718800000, 0x0000000718a00000|  0%| F|  |TAMS 0x0000000718800000, 0x0000000718800000| Untracked 
| 117|0x0000000718a00000, 0x0000000718a00000, 0x0000000718c00000|  0%| F|  |TAMS 0x0000000718a00000, 0x0000000718a00000| Untracked 
| 118|0x0000000718c00000, 0x0000000718c00000, 0x0000000718e00000|  0%| F|  |TAMS 0x0000000718c00000, 0x0000000718c00000| Untracked 
| 119|0x0000000718e00000, 0x0000000718e00000, 0x0000000719000000|  0%| F|  |TAMS 0x0000000718e00000, 0x0000000718e00000| Untracked 
| 120|0x0000000719000000, 0x0000000719000000, 0x0000000719200000|  0%| F|  |TAMS 0x0000000719000000, 0x0000000719000000| Untracked 
| 121|0x0000000719200000, 0x0000000719200000, 0x0000000719400000|  0%| F|  |TAMS 0x0000000719200000, 0x0000000719200000| Untracked 
| 122|0x0000000719400000, 0x0000000719400000, 0x0000000719600000|  0%| F|  |TAMS 0x0000000719400000, 0x0000000719400000| Untracked 
| 123|0x0000000719600000, 0x0000000719600000, 0x0000000719800000|  0%| F|  |TAMS 0x0000000719600000, 0x0000000719600000| Untracked 
| 124|0x0000000719800000, 0x0000000719800000, 0x0000000719a00000|  0%| F|  |TAMS 0x0000000719800000, 0x0000000719800000| Untracked 
| 125|0x0000000719a00000, 0x0000000719a00000, 0x0000000719c00000|  0%| F|  |TAMS 0x0000000719a00000, 0x0000000719a00000| Untracked 
| 126|0x0000000719c00000, 0x0000000719c00000, 0x0000000719e00000|  0%| F|  |TAMS 0x0000000719c00000, 0x0000000719c00000| Untracked 
| 127|0x0000000719e00000, 0x0000000719e00000, 0x000000071a000000|  0%| F|  |TAMS 0x0000000719e00000, 0x0000000719e00000| Untracked 
| 128|0x000000071a000000, 0x000000071a000000, 0x000000071a200000|  0%| F|  |TAMS 0x000000071a000000, 0x000000071a000000| Untracked 
| 129|0x000000071a200000, 0x000000071a200000, 0x000000071a400000|  0%| F|  |TAMS 0x000000071a200000, 0x000000071a200000| Untracked 
| 130|0x000000071a400000, 0x000000071a400000, 0x000000071a600000|  0%| F|  |TAMS 0x000000071a400000, 0x000000071a400000| Untracked 
| 131|0x000000071a600000, 0x000000071a600000, 0x000000071a800000|  0%| F|  |TAMS 0x000000071a600000, 0x000000071a600000| Untracked 
| 132|0x000000071a800000, 0x000000071a800000, 0x000000071aa00000|  0%| F|  |TAMS 0x000000071a800000, 0x000000071a800000| Untracked 
| 133|0x000000071aa00000, 0x000000071aa00000, 0x000000071ac00000|  0%| F|  |TAMS 0x000000071aa00000, 0x000000071aa00000| Untracked 
| 134|0x000000071ac00000, 0x000000071ac00000, 0x000000071ae00000|  0%| F|  |TAMS 0x000000071ac00000, 0x000000071ac00000| Untracked 
| 135|0x000000071ae00000, 0x000000071ae00000, 0x000000071b000000|  0%| F|  |TAMS 0x000000071ae00000, 0x000000071ae00000| Untracked 
| 136|0x000000071b000000, 0x000000071b200000, 0x000000071b200000|100%| E|  |TAMS 0x000000071b000000, 0x000000071b000000| Complete 
| 137|0x000000071b200000, 0x000000071b400000, 0x000000071b400000|100%| E|CS|TAMS 0x000000071b200000, 0x000000071b200000| Complete 
| 138|0x000000071b400000, 0x000000071b600000, 0x000000071b600000|100%| E|  |TAMS 0x000000071b400000, 0x000000071b400000| Complete 
| 139|0x000000071b600000, 0x000000071b800000, 0x000000071b800000|100%| E|CS|TAMS 0x000000071b600000, 0x000000071b600000| Complete 
| 140|0x000000071b800000, 0x000000071ba00000, 0x000000071ba00000|100%| E|CS|TAMS 0x000000071b800000, 0x000000071b800000| Complete 
| 141|0x000000071ba00000, 0x000000071bc00000, 0x000000071bc00000|100%| E|CS|TAMS 0x000000071ba00000, 0x000000071ba00000| Complete 
| 142|0x000000071bc00000, 0x000000071be00000, 0x000000071be00000|100%| E|CS|TAMS 0x000000071bc00000, 0x000000071bc00000| Complete 
| 143|0x000000071be00000, 0x000000071c000000, 0x000000071c000000|100%| E|CS|TAMS 0x000000071be00000, 0x000000071be00000| Complete 
| 144|0x000000071c000000, 0x000000071c200000, 0x000000071c200000|100%| E|CS|TAMS 0x000000071c000000, 0x000000071c000000| Complete 
| 145|0x000000071c200000, 0x000000071c400000, 0x000000071c400000|100%| E|CS|TAMS 0x000000071c200000, 0x000000071c200000| Complete 
| 146|0x000000071c400000, 0x000000071c600000, 0x000000071c600000|100%| E|CS|TAMS 0x000000071c400000, 0x000000071c400000| Complete 
| 147|0x000000071c600000, 0x000000071c800000, 0x000000071c800000|100%| E|CS|TAMS 0x000000071c600000, 0x000000071c600000| Complete 

Card table byte_map: [0x00000168ea490000,0x00000168eac40000] _byte_map_base: 0x00000168e6c40000

Marking Bits (Prev, Next): (CMBitMap*) 0x00000168d317c7a0, (CMBitMap*) 0x00000168d317c7e0
 Prev Bits: [0x00000168eb3f0000, 0x00000168ef170000)
 Next Bits: [0x00000168ef170000, 0x00000168f2ef0000)

Polling page: 0x00000168d1270000

Metaspace:

Usage:
  Non-class:     14.46 MB used.
      Class:      1.86 MB used.
       Both:     16.31 MB used.

Virtual space:
  Non-class space:       64.00 MB reserved,      14.56 MB ( 23%) committed,  1 nodes.
      Class space:        1.00 GB reserved,       2.00 MB ( <1%) committed,  1 nodes.
             Both:        1.06 GB reserved,      16.56 MB (  2%) committed. 

Chunk freelists:
   Non-Class:  836.00 KB
       Class:  13.84 MB
        Both:  14.65 MB

MaxMetaspaceSize: unlimited
CompressedClassSpaceSize: 1.00 GB
Initial GC threshold: 21.00 MB
Current GC threshold: 21.00 MB
CDS: on
MetaspaceReclaimPolicy: balanced
 - commit_granule_bytes: 65536.
 - commit_granule_words: 8192.
 - virtual_space_node_default_size: 8388608.
 - enlarge_chunks_in_place: 1.
 - new_chunks_are_fully_committed: 0.
 - uncommit_free_chunks: 1.
 - use_allocation_guard: 0.
 - handle_deallocations: 1.


Internal statistics:

num_allocs_failed_limit: 0.
num_arena_births: 298.
num_arena_deaths: 0.
num_vsnodes_births: 2.
num_vsnodes_deaths: 0.
num_space_committed: 265.
num_space_uncommitted: 0.
num_chunks_returned_to_freelist: 0.
num_chunks_taken_from_freelist: 711.
num_chunk_merges: 0.
num_chunk_splits: 444.
num_chunks_enlarged: 289.
num_inconsistent_stats: 0.

CodeHeap 'non-profiled nmethods': size=120000Kb used=2190Kb max_used=2190Kb free=117809Kb
 bounds [0x00000168e26a0000, 0x00000168e2910000, 0x00000168e9bd0000]
CodeHeap 'profiled nmethods': size=120000Kb used=6344Kb max_used=6344Kb free=113655Kb
 bounds [0x00000168dabd0000, 0x00000168db210000, 0x00000168e2100000]
CodeHeap 'non-nmethods': size=5760Kb used=1622Kb max_used=1663Kb free=4137Kb
 bounds [0x00000168e2100000, 0x00000168e2370000, 0x00000168e26a0000]
 total_blobs=4674 nmethods=3624 adapters=962
 compilation: enabled
              stopped_count=0, restarted_count=0
 full_count=0

Compilation events (20 events):
Event: 4.005 Thread 0x00000168f576e5a0 3617       2       java.lang.invoke.MethodHandles$Lookup::makeHiddenClassDefiner (22 bytes)
Event: 4.005 Thread 0x00000168f576e5a0 nmethod 3617 0x00000168db1ff590 code [0x00000168db1ff740, 0x00000168db1ff8c8]
Event: 4.005 Thread 0x00000168f576e5a0 3618   !   2       java.lang.invoke.MethodHandles$Lookup$ClassFile::newInstance (370 bytes)
Event: 4.006 Thread 0x00000168f58884c0 nmethod 3550 0x00000168e28bcb90 code [0x00000168e28bcd20, 0x00000168e28bcf38]
Event: 4.006 Thread 0x00000168f58884c0 3533       4       java.lang.ref.Reference::refersTo (6 bytes)
Event: 4.007 Thread 0x00000168f58884c0 nmethod 3533 0x00000168e28bd110 code [0x00000168e28bd2a0, 0x00000168e28bd358]
Event: 4.007 Thread 0x00000168f58884c0 3534       4       java.lang.ref.Reference::refersToImpl (6 bytes)
Event: 4.007 Thread 0x00000168f58884c0 nmethod 3534 0x00000168e28bd410 code [0x00000168e28bd580, 0x00000168e28bd618]
Event: 4.007 Thread 0x00000168f58884c0 3495       4       java.nio.Buffer::limit (65 bytes)
Event: 4.007 Thread 0x00000168f576e5a0 nmethod 3618 0x00000168db1ffa10 code [0x00000168db1ffec0, 0x00000168db2011f8]
Event: 4.007 Thread 0x00000168f576e5a0 3628       1       java.lang.invoke.InvokerBytecodeGenerator::setClassWriter (6 bytes)
Event: 4.007 Thread 0x00000168f576e5a0 nmethod 3628 0x00000168e28bd710 code [0x00000168e28bd8a0, 0x00000168e28bd9b8]
Event: 4.007 Thread 0x00000168f576e5a0 3629       1       java.lang.Class::getClassData (5 bytes)
Event: 4.008 Thread 0x00000168f576e5a0 nmethod 3629 0x00000168e28bda10 code [0x00000168e28bdba0, 0x00000168e28bdc78]
Event: 4.008 Thread 0x00000168f58884c0 nmethod 3495 0x00000168e28bdd10 code [0x00000168e28bde80, 0x00000168e28bdf78]
Event: 4.008 Thread 0x00000168f58884c0 3547       4       java.util.Collection::stream (11 bytes)
Event: 4.012 Thread 0x00000168f58884c0 nmethod 3547 0x00000168e28be090 code [0x00000168e28be220, 0x00000168e28be578]
Event: 4.012 Thread 0x00000168f58884c0 3489       4       java.io.InputStream::readAllBytes (7 bytes)
Event: 4.012 Thread 0x00000168f58884c0 nmethod 3489 0x00000168e28be710 code [0x00000168e28be880, 0x00000168e28be918]
Event: 4.014 Thread 0x00000168f576d7a0 nmethod 3470 0x00000168e28bea10 code [0x00000168e28becc0, 0x00000168e28c22a8]

GC Heap History (12 events):
Event: 0.623 GC heap before
{Heap before GC invocations=0 (full 0):
 garbage-first heap   total 251904K, used 26624K [0x000000070a000000, 0x0000000800000000)
  region size 2048K, 10 young (20480K), 0 survivors (0K)
 Metaspace       used 2654K, committed 2880K, reserved 1114112K
  class space    used 254K, committed 384K, reserved 1048576K
}
Event: 0.627 GC heap after
{Heap after GC invocations=1 (full 0):
 garbage-first heap   total 251904K, used 11324K [0x000000070a000000, 0x0000000800000000)
  region size 2048K, 2 young (4096K), 2 survivors (4096K)
 Metaspace       used 2654K, committed 2880K, reserved 1114112K
  class space    used 254K, committed 384K, reserved 1048576K
}
Event: 0.831 GC heap before
{Heap before GC invocations=1 (full 0):
 garbage-first heap   total 251904K, used 29756K [0x000000070a000000, 0x0000000800000000)
  region size 2048K, 11 young (22528K), 2 survivors (4096K)
 Metaspace       used 2892K, committed 3072K, reserved 1114112K
  class space    used 276K, committed 384K, reserved 1048576K
}
Event: 0.834 GC heap after
{Heap after GC invocations=2 (full 0):
 garbage-first heap   total 251904K, used 12512K [0x000000070a000000, 0x0000000800000000)
  region size 2048K, 1 young (2048K), 1 survivors (2048K)
 Metaspace       used 2892K, committed 3072K, reserved 1114112K
  class space    used 276K, committed 384K, reserved 1048576K
}
Event: 1.233 GC heap before
{Heap before GC invocations=2 (full 0):
 garbage-first heap   total 251904K, used 71904K [0x000000070a000000, 0x0000000800000000)
  region size 2048K, 29 young (59392K), 1 survivors (2048K)
 Metaspace       used 4922K, committed 5120K, reserved 1114112K
  class space    used 475K, committed 576K, reserved 1048576K
}
Event: 1.239 GC heap after
{Heap after GC invocations=3 (full 0):
 garbage-first heap   total 251904K, used 20942K [0x000000070a000000, 0x0000000800000000)
  region size 2048K, 4 young (8192K), 4 survivors (8192K)
 Metaspace       used 4922K, committed 5120K, reserved 1114112K
  class space    used 475K, committed 576K, reserved 1048576K
}
Event: 1.792 GC heap before
{Heap before GC invocations=3 (full 0):
 garbage-first heap   total 251904K, used 121294K [0x000000070a000000, 0x0000000800000000)
  region size 2048K, 53 young (108544K), 4 survivors (8192K)
 Metaspace       used 5095K, committed 5312K, reserved 1114112K
  class space    used 485K, committed 640K, reserved 1048576K
}
Event: 1.800 GC heap after
{Heap after GC invocations=4 (full 0):
 garbage-first heap   total 251904K, used 23625K [0x000000070a000000, 0x0000000800000000)
  region size 2048K, 5 young (10240K), 5 survivors (10240K)
 Metaspace       used 5095K, committed 5312K, reserved 1114112K
  class space    used 485K, committed 640K, reserved 1048576K
}
Event: 2.162 GC heap before
{Heap before GC invocations=4 (full 0):
 garbage-first heap   total 251904K, used 164937K [0x000000070a000000, 0x0000000800000000)
  region size 2048K, 73 young (149504K), 5 survivors (10240K)
 Metaspace       used 5122K, committed 5376K, reserved 1114112K
  class space    used 485K, committed 640K, reserved 1048576K
}
Event: 2.171 GC heap after
{Heap after GC invocations=5 (full 0):
 garbage-first heap   total 251904K, used 31258K [0x000000070a000000, 0x0000000800000000)
  region size 2048K, 8 young (16384K), 8 survivors (16384K)
 Metaspace       used 5122K, committed 5376K, reserved 1114112K
  class space    used 485K, committed 640K, reserved 1048576K
}
Event: 3.508 GC heap before
{Heap before GC invocations=5 (full 0):
 garbage-first heap   total 251904K, used 164378K [0x000000070a000000, 0x0000000800000000)
  region size 2048K, 73 young (149504K), 8 survivors (16384K)
 Metaspace       used 13380K, committed 13696K, reserved 1114112K
  class space    used 1505K, committed 1664K, reserved 1048576K
}
Event: 3.521 GC heap after
{Heap after GC invocations=6 (full 0):
 garbage-first heap   total 303104K, used 37785K [0x000000070a000000, 0x0000000800000000)
  region size 2048K, 8 young (16384K), 8 survivors (16384K)
 Metaspace       used 13380K, committed 13696K, reserved 1114112K
  class space    used 1505K, committed 1664K, reserved 1048576K
}

Dll operation events (10 events):
Event: 0.010 Loaded shared library C:\Program Files\Eclipse Adoptium\jdk-17.0.7.7-hotspot\bin\java.dll
Event: 0.021 Loaded shared library C:\Program Files\Eclipse Adoptium\jdk-17.0.7.7-hotspot\bin\jsvml.dll
Event: 0.159 Loaded shared library C:\Program Files\Eclipse Adoptium\jdk-17.0.7.7-hotspot\bin\net.dll
Event: 0.161 Loaded shared library C:\Program Files\Eclipse Adoptium\jdk-17.0.7.7-hotspot\bin\nio.dll
Event: 0.165 Loaded shared library C:\Program Files\Eclipse Adoptium\jdk-17.0.7.7-hotspot\bin\zip.dll
Event: 0.258 Loaded shared library C:\Program Files\Eclipse Adoptium\jdk-17.0.7.7-hotspot\bin\jimage.dll
Event: 0.705 Loaded shared library C:\Program Files\Eclipse Adoptium\jdk-17.0.7.7-hotspot\bin\verify.dll
Event: 2.970 Loaded shared library C:\Program Files\Eclipse Adoptium\jdk-17.0.7.7-hotspot\bin\management.dll
Event: 2.974 Loaded shared library C:\Program Files\Eclipse Adoptium\jdk-17.0.7.7-hotspot\bin\management_ext.dll
Event: 3.930 Loaded shared library C:\Users\ttjtv\AppData\Local\Temp\lwjglttjtv\3.3.1-build-7\lwjgl.dll

Deoptimization events (20 events):
Event: 3.878 Thread 0x00000168d31132a0 Uncommon trap: trap_request=0xffffffde fr.pc=0x00000168e289ceec relative=0x000000000000014c
Event: 3.878 Thread 0x00000168d31132a0 Uncommon trap: reason=class_check action=maybe_recompile pc=0x00000168e289ceec method=java.nio.ByteBuffer.putBuffer(ILjava/nio/ByteBuffer;II)V @ 33 c2
Event: 3.878 Thread 0x00000168d31132a0 DEOPT PACKING pc=0x00000168e289ceec sp=0x000000189b4fe490
Event: 3.878 Thread 0x00000168d31132a0 DEOPT UNPACKING pc=0x00000168e21569a3 sp=0x000000189b4fe420 mode 2
Event: 3.882 Thread 0x00000168d31132a0 Uncommon trap: trap_request=0xffffffde fr.pc=0x00000168e289ceec relative=0x000000000000014c
Event: 3.882 Thread 0x00000168d31132a0 Uncommon trap: reason=class_check action=maybe_recompile pc=0x00000168e289ceec method=java.nio.ByteBuffer.putBuffer(ILjava/nio/ByteBuffer;II)V @ 33 c2
Event: 3.882 Thread 0x00000168d31132a0 DEOPT PACKING pc=0x00000168e289ceec sp=0x000000189b4fe3d0
Event: 3.882 Thread 0x00000168d31132a0 DEOPT UNPACKING pc=0x00000168e21569a3 sp=0x000000189b4fe360 mode 2
Event: 3.883 Thread 0x00000168d31132a0 Uncommon trap: trap_request=0xffffffde fr.pc=0x00000168e289ceec relative=0x000000000000014c
Event: 3.883 Thread 0x00000168d31132a0 Uncommon trap: reason=class_check action=maybe_recompile pc=0x00000168e289ceec method=java.nio.ByteBuffer.putBuffer(ILjava/nio/ByteBuffer;II)V @ 33 c2
Event: 3.883 Thread 0x00000168d31132a0 DEOPT PACKING pc=0x00000168e289ceec sp=0x000000189b4fe3d0
Event: 3.883 Thread 0x00000168d31132a0 DEOPT UNPACKING pc=0x00000168e21569a3 sp=0x000000189b4fe360 mode 2
Event: 3.934 Thread 0x00000168d31132a0 Uncommon trap: trap_request=0xffffff45 fr.pc=0x00000168e28ae850 relative=0x0000000000002d50
Event: 3.934 Thread 0x00000168d31132a0 Uncommon trap: reason=unstable_if action=reinterpret pc=0x00000168e28ae850 method=java.nio.file.Files.exists(Ljava/nio/file/Path;[Ljava/nio/file/LinkOption;)Z @ 14 c2
Event: 3.934 Thread 0x00000168d31132a0 DEOPT PACKING pc=0x00000168e28ae850 sp=0x000000189b4fdd00
Event: 3.934 Thread 0x00000168d31132a0 DEOPT UNPACKING pc=0x00000168e21569a3 sp=0x000000189b4fdd58 mode 2
Event: 3.999 Thread 0x00000168fcfb4820 Uncommon trap: trap_request=0xffffff45 fr.pc=0x00000168e27385a4 relative=0x0000000000000104
Event: 3.999 Thread 0x00000168fcfb4820 Uncommon trap: reason=unstable_if action=reinterpret pc=0x00000168e27385a4 method=java.util.concurrent.TimeUnit.convert(JLjava/util/concurrent/TimeUnit;)J @ 8 c2
Event: 3.999 Thread 0x00000168fcfb4820 DEOPT PACKING pc=0x00000168e27385a4 sp=0x000000189d0ff260
Event: 3.999 Thread 0x00000168fcfb4820 DEOPT UNPACKING pc=0x00000168e21569a3 sp=0x000000189d0ff210 mode 2

Classes unloaded (0 events):
No events

Classes redefined (0 events):
No events

Internal exceptions (20 events):
Event: 3.773 Thread 0x00000168d31132a0 Exception <a 'java/lang/NoSuchMethodError'{0x000000071bde3758}: 'void java.lang.invoke.DirectMethodHandle$Holder.invokeStaticInit(java.lang.Object, java.lang.Object)'> (0x000000071bde3758) 
thrown [s\src\hotspot\share\interpreter\linkResolver.cpp, line 759]
Event: 3.774 Thread 0x00000168d31132a0 Exception <a 'java/lang/NoSuchMethodError'{0x000000071bdeffd0}: 'java.lang.Object java.lang.invoke.DirectMethodHandle$Holder.invokeStaticInit(java.lang.Object, java.lang.Object, java.lang.Object, java.lang.Object)'> (0x000000071bdeffd0) 
thrown [s\src\hotspot\share\interpreter\linkResolver.cpp, line 759]
Event: 3.775 Thread 0x00000168d31132a0 Exception <a 'java/lang/IncompatibleClassChangeError'{0x000000071bdf5878}: Found class java.lang.Object, but interface was expected> (0x000000071bdf5878) 
thrown [s\src\hotspot\share\interpreter\linkResolver.cpp, line 826]
Event: 3.780 Thread 0x00000168d31132a0 Exception <a 'java/lang/IncompatibleClassChangeError'{0x000000071ba2b7d8}: Found class java.lang.Object, but interface was expected> (0x000000071ba2b7d8) 
thrown [s\src\hotspot\share\interpreter\linkResolver.cpp, line 826]
Event: 3.811 Thread 0x00000168d31132a0 Exception <a 'sun/nio/fs/WindowsException'{0x000000071bbc1cd0}> (0x000000071bbc1cd0) 
thrown [s\src\hotspot\share\prims\jni.cpp, line 516]
Event: 3.824 Thread 0x00000168d31132a0 Exception <a 'java/lang/NoSuchMethodError'{0x000000071b803b00}: 'java.lang.Object java.lang.invoke.DirectMethodHandle$Holder.invokeVirtual(java.lang.Object, java.lang.Object, java.lang.Object)'> (0x000000071b803b00) 
thrown [s\src\hotspot\share\interpreter\linkResolver.cpp, line 759]
Event: 3.883 Thread 0x00000168d31132a0 Exception <a 'sun/nio/fs/WindowsException'{0x000000071b90c1a8}> (0x000000071b90c1a8) 
thrown [s\src\hotspot\share\prims\jni.cpp, line 516]
Event: 3.888 Thread 0x00000168d31132a0 Exception <a 'java/lang/NoSuchMethodError'{0x000000071b93b0a8}: 'java.lang.Object java.lang.invoke.DirectMethodHandle$Holder.invokeStatic(java.lang.Object, int, java.lang.Object, java.lang.Object, java.lang.Object, java.lang.Object)'> (0x000000071b93b0a8) 
thrown [s\src\hotspot\share\interpreter\linkResolver.cpp, line 759]
Event: 3.888 Thread 0x00000168d31132a0 Exception <a 'java/lang/NoSuchMethodError'{0x000000071b9438d0}: 'java.lang.Object java.lang.invoke.DirectMethodHandle$Holder.newInvokeSpecial(java.lang.Object, int, java.lang.Object, java.lang.Object)'> (0x000000071b9438d0) 
thrown [s\src\hotspot\share\interpreter\linkResolver.cpp, line 759]
Event: 3.889 Thread 0x00000168d31132a0 Exception <a 'java/lang/NoSuchMethodError'{0x000000071b9479d8}: 'java.lang.Object java.lang.invoke.DirectMethodHandle$Holder.invokeSpecial(java.lang.Object, java.lang.Object, int, java.lang.Object, java.lang.Object)'> (0x000000071b9479d8) 
thrown [s\src\hotspot\share\interpreter\linkResolver.cpp, line 759]
Event: 3.927 Thread 0x00000168d31132a0 Exception <a 'sun/nio/fs/WindowsException'{0x000000071b7c4698}> (0x000000071b7c4698) 
thrown [s\src\hotspot\share\prims\jni.cpp, line 516]
Event: 3.927 Thread 0x00000168d31132a0 Exception <a 'sun/nio/fs/WindowsException'{0x000000071b7c49e8}> (0x000000071b7c49e8) 
thrown [s\src\hotspot\share\prims\jni.cpp, line 516]
Event: 3.940 Thread 0x00000168d31132a0 Exception <a 'sun/nio/fs/WindowsException'{0x000000071b5bb698}> (0x000000071b5bb698) 
thrown [s\src\hotspot\share\prims\jni.cpp, line 516]
Event: 3.940 Thread 0x00000168d31132a0 Exception <a 'sun/nio/fs/WindowsException'{0x000000071b5bb9f8}> (0x000000071b5bb9f8) 
thrown [s\src\hotspot\share\prims\jni.cpp, line 516]
Event: 3.952 Thread 0x00000168d31132a0 Exception <a 'java/lang/NoSuchMethodError'{0x000000071b2f7b40}: 'int java.lang.invoke.DirectMethodHandle$Holder.invokeStaticInit(java.lang.Object, java.lang.Object, int, long)'> (0x000000071b2f7b40) 
thrown [s\src\hotspot\share\interpreter\linkResolver.cpp, line 759]
Event: 3.953 Thread 0x00000168d31132a0 Exception <a 'java/lang/NoSuchMethodError'{0x000000071b2fd6d0}: 'java.lang.Object java.lang.invoke.DirectMethodHandle$Holder.newInvokeSpecial(java.lang.Object, java.lang.Object, int)'> (0x000000071b2fd6d0) 
thrown [s\src\hotspot\share\interpreter\linkResolver.cpp, line 759]
Event: 3.957 Thread 0x00000168d31132a0 Exception <a 'java/lang/NoSuchMethodError'{0x000000071b3115b8}: 'int java.lang.invoke.DirectMethodHandle$Holder.invokeStaticInit(java.lang.Object, java.lang.Object, long, long)'> (0x000000071b3115b8) 
thrown [s\src\hotspot\share\interpreter\linkResolver.cpp, line 759]
Event: 3.957 Thread 0x00000168d31132a0 Exception <a 'java/lang/NoSuchMethodError'{0x000000071b317510}: 'java.lang.Object java.lang.invoke.DirectMethodHandle$Holder.newInvokeSpecial(java.lang.Object, java.lang.Object, long)'> (0x000000071b317510) 
thrown [s\src\hotspot\share\interpreter\linkResolver.cpp, line 759]
Event: 3.958 Thread 0x00000168d31132a0 Exception <a 'java/lang/NoSuchMethodError'{0x000000071b31b080}: 'java.lang.Object java.lang.invoke.Invokers$Holder.linkToTargetMethod(java.lang.Object, long, java.lang.Object)'> (0x000000071b31b080) 
thrown [s\src\hotspot\share\interpreter\linkResolver.cpp, line 759]
Event: 3.958 Thread 0x00000168d31132a0 Exception <a 'java/lang/NoSuchMethodError'{0x000000071b3227f8}: 'int java.lang.invoke.DirectMethodHandle$Holder.invokeStaticInit(java.lang.Object, java.lang.Object, java.lang.Object, long)'> (0x000000071b3227f8) 
thrown [s\src\hotspot\share\interpreter\linkResolver.cpp, line 759]

VM Operations (20 events):
Event: 3.381 Executing VM operation: HandshakeAllThreads
Event: 3.381 Executing VM operation: HandshakeAllThreads done
Event: 3.444 Executing VM operation: HandshakeAllThreads
Event: 3.444 Executing VM operation: HandshakeAllThreads done
Event: 3.444 Executing VM operation: HandshakeAllThreads
Event: 3.444 Executing VM operation: HandshakeAllThreads done
Event: 3.478 Executing VM operation: HandshakeAllThreads
Event: 3.478 Executing VM operation: HandshakeAllThreads done
Event: 3.483 Executing VM operation: ICBufferFull
Event: 3.483 Executing VM operation: ICBufferFull done
Event: 3.508 Executing VM operation: G1CollectForAllocation
Event: 3.521 Executing VM operation: G1CollectForAllocation done
Event: 3.594 Executing VM operation: HandshakeAllThreads
Event: 3.594 Executing VM operation: HandshakeAllThreads done
Event: 3.716 Executing VM operation: HandshakeAllThreads
Event: 3.716 Executing VM operation: HandshakeAllThreads done
Event: 3.806 Executing VM operation: HandshakeAllThreads
Event: 3.806 Executing VM operation: HandshakeAllThreads done
Event: 4.000 Executing VM operation: HandshakeAllThreads
Event: 4.000 Executing VM operation: HandshakeAllThreads done

Events (20 events):
Event: 3.950 loading class java/nio/DirectDoubleBufferU done
Event: 3.951 loading class java/util/function/LongPredicate
Event: 3.951 loading class java/util/function/LongPredicate done
Event: 3.959 loading class java/nio/InvalidMarkException
Event: 3.960 loading class java/nio/InvalidMarkException done
Event: 3.960 loading class java/nio/BufferUnderflowException
Event: 3.960 loading class java/nio/BufferUnderflowException done
Event: 3.998 loading class java/util/concurrent/ScheduledThreadPoolExecutor$ScheduledFutureTask
Event: 3.998 loading class java/util/concurrent/FutureTask
Event: 3.998 loading class java/util/concurrent/FutureTask done
Event: 3.998 loading class java/util/concurrent/ScheduledThreadPoolExecutor$ScheduledFutureTask done
Event: 3.998 loading class java/util/concurrent/FutureTask$WaitNode
Event: 3.998 loading class java/util/concurrent/FutureTask$WaitNode done
Event: 3.998 loading class java/util/concurrent/Executors$RunnableAdapter
Event: 3.998 loading class java/util/concurrent/Executors$RunnableAdapter done
Event: 3.999 Thread 0x00000168fcfb4820 Thread added: 0x00000168fcfb4820
Event: 3.999 loading class java/util/concurrent/locks/AbstractQueuedSynchronizer$ConditionNode
Event: 3.999 loading class java/util/concurrent/ForkJoinPool$ManagedBlocker
Event: 3.999 loading class java/util/concurrent/ForkJoinPool$ManagedBlocker done
Event: 3.999 loading class java/util/concurrent/locks/AbstractQueuedSynchronizer$ConditionNode done


Dynamic libraries:
0x00007ff700c30000 - 0x00007ff700c3e000 	C:\Program Files\Eclipse Adoptium\jdk-17.0.7.7-hotspot\bin\java.exe
0x00007ffcc4230000 - 0x00007ffcc4447000 	C:\WINDOWS\SYSTEM32\ntdll.dll
0x00007ffcc2890000 - 0x00007ffcc2954000 	C:\WINDOWS\System32\KERNEL32.DLL
0x00007ffcc1ab0000 - 0x00007ffcc1e56000 	C:\WINDOWS\System32\KERNELBASE.dll
0x00007ffcc18d0000 - 0x00007ffcc19e1000 	C:\WINDOWS\System32\ucrtbase.dll
0x00007ffcbc500000 - 0x00007ffcbc517000 	C:\Program Files\Eclipse Adoptium\jdk-17.0.7.7-hotspot\bin\jli.dll
0x00007ffcb2190000 - 0x00007ffcb21a9000 	C:\Program Files\Eclipse Adoptium\jdk-17.0.7.7-hotspot\bin\VCRUNTIME140.dll
0x00007ffcc2f20000 - 0x00007ffcc30ce000 	C:\WINDOWS\System32\USER32.dll
0x00007ffcc1780000 - 0x00007ffcc17a6000 	C:\WINDOWS\System32\win32u.dll
0x00007ffcc41c0000 - 0x00007ffcc41e9000 	C:\WINDOWS\System32\GDI32.dll
0x00007ffcc17b0000 - 0x00007ffcc18c8000 	C:\WINDOWS\System32\gdi32full.dll
0x00007ffcc1570000 - 0x00007ffcc160a000 	C:\WINDOWS\System32\msvcp_win.dll
0x00007ffca9be0000 - 0x00007ffca9e73000 	C:\WINDOWS\WinSxS\amd64_microsoft.windows.common-controls_6595b64144ccf1df_6.0.22621.2506_none_270c5ae97388e100\COMCTL32.dll
0x00007ffcc3ef0000 - 0x00007ffcc3f97000 	C:\WINDOWS\System32\msvcrt.dll
0x00007ffcc27c0000 - 0x00007ffcc27f1000 	C:\WINDOWS\System32\IMM32.DLL
0x00007ffcb4440000 - 0x00007ffcb444c000 	C:\Program Files\Eclipse Adoptium\jdk-17.0.7.7-hotspot\bin\vcruntime140_1.dll
0x00007ffcaa310000 - 0x00007ffcaa3a1000 	C:\Program Files\Eclipse Adoptium\jdk-17.0.7.7-hotspot\bin\msvcp140.dll
0x00007ffc87bc0000 - 0x00007ffc88808000 	C:\Program Files\Eclipse Adoptium\jdk-17.0.7.7-hotspot\bin\server\jvm.dll
0x00007ffcc3330000 - 0x00007ffcc33e3000 	C:\WINDOWS\System32\ADVAPI32.dll
0x00007ffcc4110000 - 0x00007ffcc41b8000 	C:\WINDOWS\System32\sechost.dll
0x00007ffcc1e60000 - 0x00007ffcc1e88000 	C:\WINDOWS\System32\bcrypt.dll
0x00007ffcc2e00000 - 0x00007ffcc2f17000 	C:\WINDOWS\System32\RPCRT4.dll
0x00007ffcb3200000 - 0x00007ffcb3209000 	C:\WINDOWS\SYSTEM32\WSOCK32.dll
0x00007ffcb8bf0000 - 0x00007ffcb8c24000 	C:\WINDOWS\SYSTEM32\WINMM.dll
0x00007ffcb8740000 - 0x00007ffcb874a000 	C:\WINDOWS\SYSTEM32\VERSION.dll
0x00007ffcc2030000 - 0x00007ffcc20a1000 	C:\WINDOWS\System32\WS2_32.dll
0x00007ffcc05b0000 - 0x00007ffcc05c8000 	C:\WINDOWS\SYSTEM32\kernel.appcore.dll
0x00007ffcb3e80000 - 0x00007ffcb3e8a000 	C:\Program Files\Eclipse Adoptium\jdk-17.0.7.7-hotspot\bin\jimage.dll
0x00007ffcbedd0000 - 0x00007ffcbf003000 	C:\WINDOWS\SYSTEM32\DBGHELP.DLL
0x00007ffcc2350000 - 0x00007ffcc26d9000 	C:\WINDOWS\System32\combase.dll
0x00007ffcc20b0000 - 0x00007ffcc2187000 	C:\WINDOWS\System32\OLEAUT32.dll
0x00007ffca57e0000 - 0x00007ffca5812000 	C:\WINDOWS\SYSTEM32\dbgcore.DLL
0x00007ffcc1e90000 - 0x00007ffcc1f0a000 	C:\WINDOWS\System32\bcryptPrimitives.dll
0x00007ffcb1c40000 - 0x00007ffcb1c65000 	C:\Program Files\Eclipse Adoptium\jdk-17.0.7.7-hotspot\bin\java.dll
0x00007ffc9ee00000 - 0x00007ffc9eed6000 	C:\Program Files\Eclipse Adoptium\jdk-17.0.7.7-hotspot\bin\jsvml.dll
0x00007ffcc34a0000 - 0x00007ffcc3cfb000 	C:\WINDOWS\System32\SHELL32.dll
0x00007ffcbf480000 - 0x00007ffcbfd76000 	C:\WINDOWS\SYSTEM32\windows.storage.dll
0x00007ffcbf340000 - 0x00007ffcbf47e000 	C:\WINDOWS\SYSTEM32\wintypes.dll
0x00007ffcc3230000 - 0x00007ffcc3323000 	C:\WINDOWS\System32\SHCORE.dll
0x00007ffcc31d0000 - 0x00007ffcc322e000 	C:\WINDOWS\System32\shlwapi.dll
0x00007ffcc14a0000 - 0x00007ffcc14c6000 	C:\WINDOWS\SYSTEM32\profapi.dll
0x00007ffcb1600000 - 0x00007ffcb1619000 	C:\Program Files\Eclipse Adoptium\jdk-17.0.7.7-hotspot\bin\net.dll
0x00007ffcba4c0000 - 0x00007ffcba5f7000 	C:\WINDOWS\SYSTEM32\WINHTTP.dll
0x00007ffcc0a30000 - 0x00007ffcc0a99000 	C:\WINDOWS\system32\mswsock.dll
0x00007ffcb15e0000 - 0x00007ffcb15f5000 	C:\Program Files\Eclipse Adoptium\jdk-17.0.7.7-hotspot\bin\nio.dll
0x00007ffcb1ce0000 - 0x00007ffcb1cf8000 	C:\Program Files\Eclipse Adoptium\jdk-17.0.7.7-hotspot\bin\zip.dll
0x00007ffcb1d30000 - 0x00007ffcb1d40000 	C:\Program Files\Eclipse Adoptium\jdk-17.0.7.7-hotspot\bin\verify.dll
0x00007ffcb1b10000 - 0x00007ffcb1b19000 	C:\Program Files\Eclipse Adoptium\jdk-17.0.7.7-hotspot\bin\management.dll
0x00007ffcb1a90000 - 0x00007ffcb1a9b000 	C:\Program Files\Eclipse Adoptium\jdk-17.0.7.7-hotspot\bin\management_ext.dll
0x00007ffcc2df0000 - 0x00007ffcc2df8000 	C:\WINDOWS\System32\PSAPI.DLL
0x00007ffc9db40000 - 0x00007ffc9db57000 	C:\WINDOWS\system32\napinsp.dll
0x00007ffc9daf0000 - 0x00007ffc9db0b000 	C:\WINDOWS\system32\pnrpnsp.dll
0x00007ffcc0060000 - 0x00007ffcc0159000 	C:\WINDOWS\SYSTEM32\DNSAPI.dll
0x00007ffcbfff0000 - 0x00007ffcc001d000 	C:\WINDOWS\SYSTEM32\IPHLPAPI.DLL
0x00007ffcc3ea0000 - 0x00007ffcc3ea9000 	C:\WINDOWS\System32\NSI.dll
0x00007ffc9dad0000 - 0x00007ffc9dae1000 	C:\WINDOWS\System32\winrnr.dll
0x00007ffcb75a0000 - 0x00007ffcb75b5000 	C:\WINDOWS\system32\wshbth.dll
0x00007ffc9d8e0000 - 0x00007ffc9d901000 	C:\WINDOWS\system32\nlansp_c.dll
0x00007ffcb0950000 - 0x00007ffcb095a000 	C:\Windows\System32\rasadhlp.dll
0x00007ffcb7270000 - 0x00007ffcb72f3000 	C:\WINDOWS\System32\fwpuclnt.dll
0x00007ffca94b0000 - 0x00007ffca9525000 	C:\Users\ttjtv\AppData\Local\Temp\lwjglttjtv\3.3.1-build-7\lwjgl.dll
0x00007ffcac5c0000 - 0x00007ffcac621000 	C:\Users\ttjtv\AppData\Local\Temp\lwjglttjtv\3.3.1-build-7\glfw.dll
0x00007ffcaa840000 - 0x00007ffcaa886000 	C:\WINDOWS\SYSTEM32\dinput8.dll
0x00007ffcb02f0000 - 0x00007ffcb0301000 	C:\WINDOWS\SYSTEM32\xinput1_4.dll
0x00007ffcc11e0000 - 0x00007ffcc122e000 	C:\WINDOWS\SYSTEM32\cfgmgr32.dll
0x00007ffcc11b0000 - 0x00007ffcc11dc000 	C:\WINDOWS\SYSTEM32\DEVOBJ.dll
0x00007ffcbe830000 - 0x00007ffcbe85b000 	C:\WINDOWS\SYSTEM32\dwmapi.dll
0x00007ffcb4140000 - 0x00007ffcb434a000 	C:\WINDOWS\SYSTEM32\inputhost.dll
0x00007ffcbde80000 - 0x00007ffcbdfb4000 	C:\WINDOWS\SYSTEM32\CoreMessaging.dll
0x00007ffcbe5d0000 - 0x00007ffcbe67b000 	C:\WINDOWS\system32\uxtheme.dll
0x00007ffcc0c80000 - 0x00007ffcc0c8c000 	C:\WINDOWS\SYSTEM32\CRYPTBASE.DLL
0x00007ffcc3fb0000 - 0x00007ffcc4101000 	C:\WINDOWS\System32\MSCTF.dll
0x00007ffc81da0000 - 0x00007ffc81ea0000 	C:\WINDOWS\SYSTEM32\opengl32.dll
0x00007ffcb15b0000 - 0x00007ffcb15dd000 	C:\WINDOWS\SYSTEM32\GLU32.dll
0x00007ffcbe6e0000 - 0x00007ffcbe719000 	C:\WINDOWS\SYSTEM32\dxcore.dll
0x00007ffcbabf0000 - 0x00007ffcbac3a000 	C:\WINDOWS\SYSTEM32\directxdatabasehelper.dll
0x00007ffcc1f80000 - 0x00007ffcc2030000 	C:\WINDOWS\System32\clbcatq.dll
0x00007ffcaa710000 - 0x00007ffcaa73d000 	C:\WINDOWS\System32\DriverStore\FileRepository\u0392096.inf_amd64_e701ad57178c2fbb\B390740\atig6pxx.dll
0x00007ffc7a270000 - 0x00007ffc7defb000 	C:\WINDOWS\System32\DriverStore\FileRepository\u0392096.inf_amd64_e701ad57178c2fbb\B390740\atio6axx.dll
0x00007ffcc2960000 - 0x00007ffcc2dd4000 	C:\WINDOWS\System32\SETUPAPI.dll
0x00007ffcc1f10000 - 0x00007ffcc1f7b000 	C:\WINDOWS\System32\WINTRUST.dll
0x00007ffcc1610000 - 0x00007ffcc1776000 	C:\WINDOWS\System32\CRYPT32.dll
0x00007ffcc0ce0000 - 0x00007ffcc0cf2000 	C:\WINDOWS\SYSTEM32\MSASN1.dll

dbghelp: loaded successfully - version: 4.0.5 - missing functions: none
symbol engine: initialized successfully - sym options: 0x614 - pdb path: .;C:\Program Files\Eclipse Adoptium\jdk-17.0.7.7-hotspot\bin;C:\WINDOWS\SYSTEM32;C:\WINDOWS\WinSxS\amd64_microsoft.windows.common-controls_6595b64144ccf1df_6.0.22621.2506_none_270c5ae97388e100;C:\Program Files\Eclipse Adoptium\jdk-17.0.7.7-hotspot\bin\server;C:\Users\ttjtv\AppData\Local\Temp\lwjglttjtv\3.3.1-build-7;C:\WINDOWS\System32\DriverStore\FileRepository\u0392096.inf_amd64_e701ad57178c2fbb\B390740

VM Arguments:
jvm_args: -Dforge.enableGameTest=true -Dforge.enabledGameTestNamespaces=tutorialmod -Dforge.logging.console.level=debug -Dforge.logging.markers=REGISTRIES -DignoreList=bootstraplauncher,securejarhandler,asm-commons,asm-util,asm-analysis,asm-tree,asm,JarJarFileSystems,client-extra,fmlcore,javafmllanguage,lowcodelanguage,mclanguage,forge- -Djava.net.preferIPv6Addresses=system -DlegacyClassPath.file=C:\Forge1.20.1_2\build\classpath\runClient_minecraftClasspath.txt -DmergeModules=jna-5.10.0.jar,jna-platform-5.10.0.jar --module-path=C:\Users\ttjtv\.gradle\caches\modules-2\files-2.1\cpw.mods\bootstraplauncher\1.1.2\c546e00443d8432cda6baa1c860346980742628\bootstraplauncher-1.1.2.jar;C:\Users\ttjtv\.gradle\caches\modules-2\files-2.1\cpw.mods\securejarhandler\2.1.10\51e6a22c6c716beb11e244bf5b8be480f51dd6b5\securejarhandler-2.1.10.jar;C:\Users\ttjtv\.gradle\caches\modules-2\files-2.1\org.ow2.asm\asm-commons\9.5\19ab5b5800a3910d30d3a3e64fdb00fd0cb42de0\asm-commons-9.5.jar;C:\Users\ttjtv\.gradle\caches\modules-2\files-2.1\org.ow2.asm\asm-util\9.5\64b5a1fc8c1b15ed2efd6a063e976bc8d3dc5ffe\asm-util-9.5.jar;C:\Users\ttjtv\.gradle\caches\modules-2\files-2.1\org.ow2.asm\asm-analysis\9.5\490bacc77de7cbc0be1a30bb3471072d705be4a4\asm-analysis-9.5.jar;C:\Users\ttjtv\.gradle\caches\modules-2\files-2.1\org.ow2.asm\asm-tree\9.5\fd33c8b6373abaa675be407082fdfda35021254a\asm-tree-9.5.jar;C:\Users\ttjtv\.gradle\caches\modules-2\files-2.1\org.ow2.asm\asm\9.5\dc6ea1875f4d64fbc85e1691c95b96a3d8569c90\asm-9.5.jar;C:\Users\ttjtv\.gradle\caches\modules-2\files-2.1\net.minecraftforge\JarJarFileSystems\0.3.19\2464eb7d6b9ddb9db36a82cf8a95193e5c6fe020\JarJarFileSystems-0.3.19.jar --add-modules=ALL-MODULE-PATH --add-opens=java.base/java.util.jar=cpw.mods.securejarhandler --add-opens=java.base/java.lang.invoke=cpw.mods.securejarhandler --add-exports=java.base/sun.security.util=cpw.mods.securejarhandler --add-exports=jdk.naming.dns/com.sun.jndi.dns=java.naming -XX:HeapDumpPath=MojangTricksIntelDriversForPerformance_javaw.exe_minecraft.exe.heapdump -Dfile.encoding=windows-1252 -Duser.country=US -Duser.language=en -Duser.variant 
java_command: cpw.mods.bootstraplauncher.BootstrapLauncher --launchTarget forgeclientuserdev --version MOD_DEV --assetIndex 5 --assetsDir C:\Users\ttjtv\.gradle\caches\forge_gradle\assets --gameDir . --fml.forgeVersion 47.0.19 --fml.mcVersion 1.20.1 --fml.forgeGroup net.minecraftforge --fml.mcpVersion 20230612.114412
java_class_path (initial): C:\Forge1.20.1_2\build\classes\java\main;C:\Forge1.20.1_2\build\resources\main;C:\Users\ttjtv\.gradle\caches\forge_gradle\minecraft_user_repo\net\minecraftforge\forge\1.20.1-47.0.19_mapped_parchment_2023.09.03-1.20.1\forge-1.20.1-47.0.19_mapped_parchment_2023.09.03-1.20.1.jar;C:\Users\ttjtv\.gradle\caches\forge_gradle\minecraft_repo\versions\1.20.1\client-extra.jar;C:\Users\ttjtv\.gradle\caches\modules-2\files-2.1\net.minecraftforge\fmlearlydisplay\1.20.1-47.0.19\553be3670c16dc98b9f6dbf3df5468d9652c3e2c\fmlearlydisplay-1.20.1-47.0.19.jar;C:\Users\ttjtv\.gradle\caches\modules-2\files-2.1\net.minecraftforge\javafmllanguage\1.20.1-47.0.19\11325ab7cc62ad123c202b63216724c0a9af1a21\javafmllanguage-1.20.1-47.0.19.jar;C:\Users\ttjtv\.gradle\caches\modules-2\files-2.1\net.minecraftforge\lowcodelanguage\1.20.1-47.0.19\43bcf9e8002338c09b0f793771f6471e5fb74dd7\lowcodelanguage-1.20.1-47.0.19.jar;C:\Users\ttjtv\.gradle\caches\modules-2\files-2.1\net.minecraftforge\mclanguage\1.20.1-47.0.19\9ad401a1888591fa336b5685d1572aa4387cf31d\mclanguage-1.20.1-47.0.19.jar;C:\Users\ttjtv\.gradle\caches\modules-2\files-2.1\net.minecraftforge\fmlcore\1.20.1-47.0.19\fb98a8fe718272b2822fb1798215d25e97ce84e6\fmlcore-1.20.1-47.0.19.jar;C:\Users\ttjtv\.gradle\caches\modules-2\files-2.1\net.minecraftforge\fmlloader\1.20.1-47.0.19\86f0ecb6377e921868787a6203b54364440cfb75\fmlloader-1.20.1-47.0.19.jar;C:\Users\ttjtv\.gradle\caches\modules-2\files-2.1\net.minecraftforge\JarJarSelector\0.3.19\376cc9c8ea60720cf027c01fc033de915699801c\JarJarSelector-0.3.19.jar;C:\Users\ttjtv\.gradle\caches\modules-2\files-2.1\net.minecraftforge\JarJarMetadata\0.3.19\83feaa9b770e6ac0e96ee4fc23fa89325c5fe2\JarJarMetadata-0.3.19.jar;C:\Users\ttjtv\.gradle\caches\modules-2\files-2.1\com.google.guava\guava\31.1-jre\60458f877d055d0c9114d9e1a2efb737b4bc282c\guava-31.1-jre.jar;C:\Users\ttjtv\.gradle\caches\modules-2\files-2.1\com.google.code.findbugs\jsr305\3.0.2\25ea2e8b0c338a877313bd4672d3fe056ea78f0d\
Launcher Type: SUN_STANDARD

[Global flags]
     intx CICompilerCount                          = 3                                         {product} {ergonomic}
     uint ConcGCThreads                            = 2                                         {product} {ergonomic}
     uint G1ConcRefinementThreads                  = 6                                         {product} {ergonomic}
   size_t G1HeapRegionSize                         = 2097152                                   {product} {ergonomic}
    uintx GCDrainStackTargetSize                   = 64                                        {product} {ergonomic}
    ccstr HeapDumpPath                             = MojangTricksIntelDriversForPerformance_javaw.exe_minecraft.exe.heapdump         {manageable} {command line}
   size_t InitialHeapSize                          = 257949696                                 {product} {ergonomic}
   size_t MarkStackSize                            = 4194304                                   {product} {ergonomic}
   size_t MaxHeapSize                              = 4127195136                                {product} {ergonomic}
   size_t MaxNewSize                               = 2474639360                                {product} {ergonomic}
   size_t MinHeapDeltaBytes                        = 2097152                                   {product} {ergonomic}
   size_t MinHeapSize                              = 8388608                                   {product} {ergonomic}
    uintx NonNMethodCodeHeapSize                   = 5832780                                {pd product} {ergonomic}
    uintx NonProfiledCodeHeapSize                  = 122912730                              {pd product} {ergonomic}
    uintx ProfiledCodeHeapSize                     = 122912730                              {pd product} {ergonomic}
    uintx ReservedCodeCacheSize                    = 251658240                              {pd product} {ergonomic}
     bool SegmentedCodeCache                       = true                                      {product} {ergonomic}
   size_t SoftMaxHeapSize                          = 4127195136                             {manageable} {ergonomic}
     bool UseCompressedClassPointers               = true                           {product lp64_product} {ergonomic}
     bool UseCompressedOops                        = true                           {product lp64_product} {ergonomic}
     bool UseG1GC                                  = true                                      {product} {ergonomic}
     bool UseLargePagesIndividualAllocation        = false                                  {pd product} {ergonomic}

Logging:
Log output configuration:
 #0: stdout all=warning uptime,level,tags
 #1: stderr all=off uptime,level,tags

Environment Variables:
JAVA_HOME=C:\Program Files\Eclipse Adoptium\jdk-17.0.7.7-hotspot\
PATH=C:\Program Files\Eclipse Adoptium\jdk-17.0.7.7-hotspot\bin;C:\Program Files\Common Files\Oracle\Java\javapath;C:\WINDOWS\system32;C:\WINDOWS;C:\WINDOWS\System32\Wbem;C:\WINDOWS\System32\WindowsPowerShell\v1.0\;C:\WINDOWS\System32\OpenSSH\;C:\Program Files\Java\jdk-17.0.1\bin;C:\Program Files\dotnet\;C:\Program Files (x86)\Windows Kits\10\Windows Performance Toolkit\;C:\Program Files\Git\cmd;C:\Users\ttjtv\AppData\Local\Microsoft\WindowsApps;C:\Users\ttjtv\AppData\Local\GitHubDesktop\bin;C:\Users\ttjtv\.dotnet\tools
USERNAME=ttjtv
OS=Windows_NT
PROCESSOR_IDENTIFIER=AMD64 Family 23 Model 96 Stepping 1, AuthenticAMD
TMP=C:\Users\ttjtv\AppData\Local\Temp
TEMP=C:\Users\ttjtv\AppData\Local\Temp



---------------  S Y S T E M  ---------------

OS:
 Windows 11 , 64 bit Build 22621 (10.0.22621.3085)
OS uptime: 3 days 7:23 hours
Hyper-V role detected

CPU: total 6 (initial active 6) (6 cores per cpu, 1 threads per core) family 23 model 96 stepping 1 microcode 0x0, cx8, cmov, fxsr, mmx, 3dnowpref, sse, sse2, sse3, ssse3, sse4a, sse4.1, sse4.2, popcnt, lzcnt, tsc, tscinvbit, avx, avx2, aes, clmul, bmi1, bmi2, adx, sha, fma, vzeroupper, clflush, clflushopt, hv

Memory: 4k page, system-wide physical 15742M (5351M free)
TotalPageFile size 18174M (AvailPageFile size 4475M)
current process WorkingSet (physical memory assigned to process): 316M, peak: 316M
current process commit charge ("private bytes"): 451M, peak: 454M

vm_info: OpenJDK 64-Bit Server VM (17.0.7+7) for windows-amd64 JRE (17.0.7+7), built on Apr 18 2023 22:10:42 by "temurin" with MS VC++ 16.7 (VS2019)

END.
